\BOOKMARK [0][-]{chapter.1}{\376\377\0001\000\040\000W\000R\000E\000B\000\040\000T\000e\000s\000t\000i\000n\000g\000\040\000S\000u\000i\000t\000e}{}% 1
\BOOKMARK [0][-]{chapter.2}{\376\377\0002\000\040\000H\000i\000e\000r\000a\000r\000c\000h\000i\000c\000a\000l\000\040\000I\000n\000d\000e\000x}{}% 2
\BOOKMARK [1][-]{section.2.1}{\376\377\0002\000.\0001\000\040\000C\000l\000a\000s\000s\000\040\000H\000i\000e\000r\000a\000r\000c\000h\000y}{chapter.2}% 3
\BOOKMARK [0][-]{chapter.3}{\376\377\0003\000\040\000C\000l\000a\000s\000s\000\040\000I\000n\000d\000e\000x}{}% 4
\BOOKMARK [1][-]{section.3.1}{\376\377\0003\000.\0001\000\040\000C\000l\000a\000s\000s\000\040\000L\000i\000s\000t}{chapter.3}% 5
\BOOKMARK [0][-]{chapter.4}{\376\377\0004\000\040\000F\000i\000l\000e\000\040\000I\000n\000d\000e\000x}{}% 6
\BOOKMARK [1][-]{section.4.1}{\376\377\0004\000.\0001\000\040\000F\000i\000l\000e\000\040\000L\000i\000s\000t}{chapter.4}% 7
\BOOKMARK [0][-]{chapter.5}{\376\377\0005\000\040\000C\000l\000a\000s\000s\000\040\000D\000o\000c\000u\000m\000e\000n\000t\000a\000t\000i\000o\000n}{}% 8
\BOOKMARK [1][-]{section.5.1}{\376\377\0005\000.\0001\000\040\000W\000R\000E\000B\000T\000e\000s\000t\000.\000A\000S\000P\000I\000C\000c\000o\000m\000m\000s\000T\000e\000s\000t\000\040\000C\000l\000a\000s\000s\000\040\000R\000e\000f\000e\000r\000e\000n\000c\000e}{chapter.5}% 9
\BOOKMARK [2][-]{subsection.5.1.1}{\376\377\0005\000.\0001\000.\0001\000\040\000D\000e\000t\000a\000i\000l\000e\000d\000\040\000D\000e\000s\000c\000r\000i\000p\000t\000i\000o\000n}{section.5.1}% 10
\BOOKMARK [2][-]{subsection.5.1.2}{\376\377\0005\000.\0001\000.\0002\000\040\000C\000o\000n\000s\000t\000r\000u\000c\000t\000o\000r\000\040\000\046\000\040\000D\000e\000s\000t\000r\000u\000c\000t\000o\000r\000\040\000D\000o\000c\000u\000m\000e\000n\000t\000a\000t\000i\000o\000n}{section.5.1}% 11
\BOOKMARK [3][-]{subsubsection.5.1.2.1}{\376\377\0005\000.\0001\000.\0002\000.\0001\000\040\000i\000n\000i\000t\000\050\000s\000e\000l\000f\000\051}{subsection.5.1.2}% 12
\BOOKMARK [2][-]{subsection.5.1.3}{\376\377\0005\000.\0001\000.\0003\000\040\000M\000e\000m\000b\000e\000r\000\040\000F\000u\000n\000c\000t\000i\000o\000n\000\040\000D\000o\000c\000u\000m\000e\000n\000t\000a\000t\000i\000o\000n}{section.5.1}% 13
\BOOKMARK [3][-]{subsubsection.5.1.3.1}{\376\377\0005\000.\0001\000.\0003\000.\0001\000\040\000r\000e\000p\000o\000r\000t\000\050\000s\000e\000l\000f\000,\000\040\000p\000d\000f\000\051}{subsection.5.1.3}% 14
\BOOKMARK [3][-]{subsubsection.5.1.3.2}{\376\377\0005\000.\0001\000.\0003\000.\0002\000\040\000r\000u\000n\000T\000e\000s\000t\000\050\000s\000e\000l\000f\000\051}{subsection.5.1.3}% 15
\BOOKMARK [3][-]{subsubsection.5.1.3.3}{\376\377\0005\000.\0001\000.\0003\000.\0003\000\040\000s\000u\000m\000m\000a\000r\000i\000z\000e\000\050\000s\000e\000l\000f\000,\000\040\000s\000u\000m\000m\000a\000r\000y\000\051}{subsection.5.1.3}% 16
\BOOKMARK [1][-]{section.5.2}{\376\377\0005\000.\0002\000\040\000W\000R\000E\000B\000T\000e\000s\000t\000.\000A\000S\000P\000I\000C\000N\000o\000i\000s\000e\000\040\000C\000l\000a\000s\000s\000\040\000R\000e\000f\000e\000r\000e\000n\000c\000e}{chapter.5}% 17
\BOOKMARK [2][-]{subsection.5.2.1}{\376\377\0005\000.\0002\000.\0001\000\040\000D\000e\000t\000a\000i\000l\000e\000d\000\040\000D\000e\000s\000c\000r\000i\000p\000t\000i\000o\000n}{section.5.2}% 18
\BOOKMARK [2][-]{subsection.5.2.2}{\376\377\0005\000.\0002\000.\0002\000\040\000C\000o\000n\000s\000t\000r\000u\000c\000t\000o\000r\000\040\000\046\000\040\000D\000e\000s\000t\000r\000u\000c\000t\000o\000r\000\040\000D\000o\000c\000u\000m\000e\000n\000t\000a\000t\000i\000o\000n}{section.5.2}% 19
\BOOKMARK [3][-]{subsubsection.5.2.2.1}{\376\377\0005\000.\0002\000.\0002\000.\0001\000\040\000i\000n\000i\000t\000\050\000s\000e\000l\000f\000\051}{subsection.5.2.2}% 20
\BOOKMARK [2][-]{subsection.5.2.3}{\376\377\0005\000.\0002\000.\0003\000\040\000M\000e\000m\000b\000e\000r\000\040\000F\000u\000n\000c\000t\000i\000o\000n\000\040\000D\000o\000c\000u\000m\000e\000n\000t\000a\000t\000i\000o\000n}{section.5.2}% 21
\BOOKMARK [3][-]{subsubsection.5.2.3.1}{\376\377\0005\000.\0002\000.\0003\000.\0001\000\040\000r\000e\000p\000o\000r\000t\000\050\000s\000e\000l\000f\000,\000\040\000p\000d\000f\000\051}{subsection.5.2.3}% 22
\BOOKMARK [3][-]{subsubsection.5.2.3.2}{\376\377\0005\000.\0002\000.\0003\000.\0002\000\040\000r\000u\000n\000T\000e\000s\000t\000\050\000s\000e\000l\000f\000\051}{subsection.5.2.3}% 23
\BOOKMARK [3][-]{subsubsection.5.2.3.3}{\376\377\0005\000.\0002\000.\0003\000.\0003\000\040\000s\000u\000m\000m\000a\000r\000i\000z\000e\000\050\000s\000e\000l\000f\000,\000\040\000s\000u\000m\000m\000a\000r\000y\000\051}{subsection.5.2.3}% 24
\BOOKMARK [1][-]{section.5.3}{\376\377\0005\000.\0003\000\040\000W\000R\000E\000B\000T\000e\000s\000t\000.\000C\000h\000a\000n\000n\000e\000l\000T\000e\000s\000t\000\040\000C\000l\000a\000s\000s\000\040\000R\000e\000f\000e\000r\000e\000n\000c\000e}{chapter.5}% 25
\BOOKMARK [2][-]{subsection.5.3.1}{\376\377\0005\000.\0003\000.\0001\000\040\000D\000e\000t\000a\000i\000l\000e\000d\000\040\000D\000e\000s\000c\000r\000i\000p\000t\000i\000o\000n}{section.5.3}% 26
\BOOKMARK [2][-]{subsection.5.3.2}{\376\377\0005\000.\0003\000.\0002\000\040\000C\000o\000n\000s\000t\000r\000u\000c\000t\000o\000r\000\040\000\046\000\040\000D\000e\000s\000t\000r\000u\000c\000t\000o\000r\000\040\000D\000o\000c\000u\000m\000e\000n\000t\000a\000t\000i\000o\000n}{section.5.3}% 27
\BOOKMARK [3][-]{subsubsection.5.3.2.1}{\376\377\0005\000.\0003\000.\0002\000.\0001\000\040\000i\000n\000i\000t\000\050\000s\000e\000l\000f\000\051}{subsection.5.3.2}% 28
\BOOKMARK [2][-]{subsection.5.3.3}{\376\377\0005\000.\0003\000.\0003\000\040\000M\000e\000m\000b\000e\000r\000\040\000F\000u\000n\000c\000t\000i\000o\000n\000\040\000D\000o\000c\000u\000m\000e\000n\000t\000a\000t\000i\000o\000n}{section.5.3}% 29
\BOOKMARK [3][-]{subsubsection.5.3.3.1}{\376\377\0005\000.\0003\000.\0003\000.\0001\000\040\000r\000e\000p\000o\000r\000t\000\050\000s\000e\000l\000f\000,\000\040\000p\000d\000f\000\051}{subsection.5.3.3}% 30
\BOOKMARK [3][-]{subsubsection.5.3.3.2}{\376\377\0005\000.\0003\000.\0003\000.\0002\000\040\000r\000u\000n\000T\000e\000s\000t\000\050\000s\000e\000l\000f\000\051}{subsection.5.3.3}% 31
\BOOKMARK [3][-]{subsubsection.5.3.3.3}{\376\377\0005\000.\0003\000.\0003\000.\0003\000\040\000s\000u\000m\000m\000a\000r\000i\000z\000e\000\050\000s\000e\000l\000f\000,\000\040\000s\000u\000m\000m\000a\000r\000y\000\051}{subsection.5.3.3}% 32
\BOOKMARK [1][-]{section.5.4}{\376\377\0005\000.\0004\000\040\000W\000R\000E\000B\000T\000e\000s\000t\000.\000C\000S\000G\000a\000t\000e\000\040\000C\000l\000a\000s\000s\000\040\000R\000e\000f\000e\000r\000e\000n\000c\000e}{chapter.5}% 33
\BOOKMARK [2][-]{subsection.5.4.1}{\376\377\0005\000.\0004\000.\0001\000\040\000D\000e\000t\000a\000i\000l\000e\000d\000\040\000D\000e\000s\000c\000r\000i\000p\000t\000i\000o\000n}{section.5.4}% 34
\BOOKMARK [2][-]{subsection.5.4.2}{\376\377\0005\000.\0004\000.\0002\000\040\000C\000o\000n\000s\000t\000r\000u\000c\000t\000o\000r\000\040\000\046\000\040\000D\000e\000s\000t\000r\000u\000c\000t\000o\000r\000\040\000D\000o\000c\000u\000m\000e\000n\000t\000a\000t\000i\000o\000n}{section.5.4}% 35
\BOOKMARK [3][-]{subsubsection.5.4.2.1}{\376\377\0005\000.\0004\000.\0002\000.\0001\000\040\000i\000n\000i\000t\000\050\000s\000e\000l\000f\000\051}{subsection.5.4.2}% 36
\BOOKMARK [2][-]{subsection.5.4.3}{\376\377\0005\000.\0004\000.\0003\000\040\000M\000e\000m\000b\000e\000r\000\040\000F\000u\000n\000c\000t\000i\000o\000n\000\040\000D\000o\000c\000u\000m\000e\000n\000t\000a\000t\000i\000o\000n}{section.5.4}% 37
\BOOKMARK [3][-]{subsubsection.5.4.3.1}{\376\377\0005\000.\0004\000.\0003\000.\0001\000\040\000r\000e\000p\000o\000r\000t\000\050\000s\000e\000l\000f\000,\000\040\000p\000d\000f\000\051}{subsection.5.4.3}% 38
\BOOKMARK [3][-]{subsubsection.5.4.3.2}{\376\377\0005\000.\0004\000.\0003\000.\0002\000\040\000r\000u\000n\000T\000e\000s\000t\000\050\000s\000e\000l\000f\000\051}{subsection.5.4.3}% 39
\BOOKMARK [3][-]{subsubsection.5.4.3.3}{\376\377\0005\000.\0004\000.\0003\000.\0003\000\040\000s\000u\000m\000m\000a\000r\000i\000z\000e\000\050\000s\000e\000l\000f\000,\000\040\000s\000u\000m\000m\000a\000r\000y\000\051}{subsection.5.4.3}% 40
\BOOKMARK [1][-]{section.5.5}{\376\377\0005\000.\0005\000\040\000W\000R\000E\000B\000T\000e\000s\000t\000.\000F\000u\000n\000c\000t\000i\000o\000n\000a\000l\000T\000e\000s\000t\000\040\000C\000l\000a\000s\000s\000\040\000R\000e\000f\000e\000r\000e\000n\000c\000e}{chapter.5}% 41
\BOOKMARK [2][-]{subsection.5.5.1}{\376\377\0005\000.\0005\000.\0001\000\040\000D\000e\000t\000a\000i\000l\000e\000d\000\040\000D\000e\000s\000c\000r\000i\000p\000t\000i\000o\000n}{section.5.5}% 42
\BOOKMARK [2][-]{subsection.5.5.2}{\376\377\0005\000.\0005\000.\0002\000\040\000C\000o\000n\000s\000t\000r\000u\000c\000t\000o\000r\000\040\000\046\000\040\000D\000e\000s\000t\000r\000u\000c\000t\000o\000r\000\040\000D\000o\000c\000u\000m\000e\000n\000t\000a\000t\000i\000o\000n}{section.5.5}% 43
\BOOKMARK [3][-]{subsubsection.5.5.2.1}{\376\377\0005\000.\0005\000.\0002\000.\0001\000\040\000i\000n\000i\000t\000\050\000s\000e\000l\000f\000\051}{subsection.5.5.2}% 44
\BOOKMARK [2][-]{subsection.5.5.3}{\376\377\0005\000.\0005\000.\0003\000\040\000M\000e\000m\000b\000e\000r\000\040\000F\000u\000n\000c\000t\000i\000o\000n\000\040\000D\000o\000c\000u\000m\000e\000n\000t\000a\000t\000i\000o\000n}{section.5.5}% 45
\BOOKMARK [3][-]{subsubsection.5.5.3.1}{\376\377\0005\000.\0005\000.\0003\000.\0001\000\040\000g\000e\000n\000e\000r\000a\000t\000e\000R\000e\000p\000o\000r\000t\000\050\000s\000e\000l\000f\000\051}{subsection.5.5.3}% 46
\BOOKMARK [3][-]{subsubsection.5.5.3.2}{\376\377\0005\000.\0005\000.\0003\000.\0002\000\040\000r\000u\000n\000T\000e\000s\000t\000s\000\050\000s\000e\000l\000f\000\051}{subsection.5.5.3}% 47
\BOOKMARK [1][-]{section.5.6}{\376\377\0005\000.\0006\000\040\000W\000R\000E\000B\000T\000e\000s\000t\000.\000G\000D\000B\000i\000a\000s\000\040\000C\000l\000a\000s\000s\000\040\000R\000e\000f\000e\000r\000e\000n\000c\000e}{chapter.5}% 48
\BOOKMARK [2][-]{subsection.5.6.1}{\376\377\0005\000.\0006\000.\0001\000\040\000D\000e\000t\000a\000i\000l\000e\000d\000\040\000D\000e\000s\000c\000r\000i\000p\000t\000i\000o\000n}{section.5.6}% 49
\BOOKMARK [2][-]{subsection.5.6.2}{\376\377\0005\000.\0006\000.\0002\000\040\000C\000o\000n\000s\000t\000r\000u\000c\000t\000o\000r\000\040\000\046\000\040\000D\000e\000s\000t\000r\000u\000c\000t\000o\000r\000\040\000D\000o\000c\000u\000m\000e\000n\000t\000a\000t\000i\000o\000n}{section.5.6}% 50
\BOOKMARK [3][-]{subsubsection.5.6.2.1}{\376\377\0005\000.\0006\000.\0002\000.\0001\000\040\000i\000n\000i\000t\000\050\000s\000e\000l\000f\000\051}{subsection.5.6.2}% 51
\BOOKMARK [2][-]{subsection.5.6.3}{\376\377\0005\000.\0006\000.\0003\000\040\000M\000e\000m\000b\000e\000r\000\040\000F\000u\000n\000c\000t\000i\000o\000n\000\040\000D\000o\000c\000u\000m\000e\000n\000t\000a\000t\000i\000o\000n}{section.5.6}% 52
\BOOKMARK [3][-]{subsubsection.5.6.3.1}{\376\377\0005\000.\0006\000.\0003\000.\0001\000\040\000r\000e\000p\000o\000r\000t\000\050\000s\000e\000l\000f\000,\000\040\000p\000d\000f\000\051}{subsection.5.6.3}% 53
\BOOKMARK [3][-]{subsubsection.5.6.3.2}{\376\377\0005\000.\0006\000.\0003\000.\0002\000\040\000r\000u\000n\000T\000e\000s\000t\000\050\000s\000e\000l\000f\000\051}{subsection.5.6.3}% 54
\BOOKMARK [3][-]{subsubsection.5.6.3.3}{\376\377\0005\000.\0006\000.\0003\000.\0003\000\040\000s\000u\000m\000m\000a\000r\000i\000z\000e\000\050\000s\000e\000l\000f\000,\000\040\000s\000u\000m\000m\000a\000r\000y\000\051}{subsection.5.6.3}% 55
\BOOKMARK [1][-]{section.5.7}{\376\377\0005\000.\0007\000\040\000W\000R\000E\000B\000T\000e\000s\000t\000.\000G\000U\000I\000\040\000C\000l\000a\000s\000s\000\040\000R\000e\000f\000e\000r\000e\000n\000c\000e}{chapter.5}% 56
\BOOKMARK [2][-]{subsection.5.7.1}{\376\377\0005\000.\0007\000.\0001\000\040\000D\000e\000t\000a\000i\000l\000e\000d\000\040\000D\000e\000s\000c\000r\000i\000p\000t\000i\000o\000n}{section.5.7}% 57
\BOOKMARK [2][-]{subsection.5.7.2}{\376\377\0005\000.\0007\000.\0002\000\040\000C\000o\000n\000s\000t\000r\000u\000c\000t\000o\000r\000\040\000\046\000\040\000D\000e\000s\000t\000r\000u\000c\000t\000o\000r\000\040\000D\000o\000c\000u\000m\000e\000n\000t\000a\000t\000i\000o\000n}{section.5.7}% 58
\BOOKMARK [3][-]{subsubsection.5.7.2.1}{\376\377\0005\000.\0007\000.\0002\000.\0001\000\040\000i\000n\000i\000t\000\050\000s\000e\000l\000f\000\051}{subsection.5.7.2}% 59
\BOOKMARK [2][-]{subsection.5.7.3}{\376\377\0005\000.\0007\000.\0003\000\040\000M\000e\000m\000b\000e\000r\000\040\000F\000u\000n\000c\000t\000i\000o\000n\000\040\000D\000o\000c\000u\000m\000e\000n\000t\000a\000t\000i\000o\000n}{section.5.7}% 60
\BOOKMARK [3][-]{subsubsection.5.7.3.1}{\376\377\0005\000.\0007\000.\0003\000.\0001\000\040\000u\000p\000d\000a\000t\000e\000\050\000s\000e\000l\000f\000,\000\040\000f\000n\000T\000e\000s\000t\000,\000\040\000g\000e\000n\000e\000r\000a\000t\000i\000n\000g\000P\000D\000F\000=\000F\000a\000l\000s\000e\000\051}{subsection.5.7.3}% 61
\BOOKMARK [3][-]{subsubsection.5.7.3.2}{\376\377\0005\000.\0007\000.\0003\000.\0002\000\040\000u\000p\000d\000a\000t\000e\000C\000o\000n\000t\000i\000n\000u\000o\000u\000s\000l\000y\000\050\000s\000e\000l\000f\000,\000\040\000f\000n\000T\000e\000s\000t\000\051}{subsection.5.7.3}% 62
\BOOKMARK [1][-]{section.5.8}{\376\377\0005\000.\0008\000\040\000W\000R\000E\000B\000T\000e\000s\000t\000.\000I\000d\000l\000e\000C\000u\000r\000r\000e\000n\000t\000C\000o\000n\000s\000u\000m\000p\000t\000i\000o\000n\000\040\000C\000l\000a\000s\000s\000\040\000R\000e\000f\000e\000r\000e\000n\000c\000e}{chapter.5}% 63
\BOOKMARK [2][-]{subsection.5.8.1}{\376\377\0005\000.\0008\000.\0001\000\040\000D\000e\000t\000a\000i\000l\000e\000d\000\040\000D\000e\000s\000c\000r\000i\000p\000t\000i\000o\000n}{section.5.8}% 64
\BOOKMARK [2][-]{subsection.5.8.2}{\376\377\0005\000.\0008\000.\0002\000\040\000C\000o\000n\000s\000t\000r\000u\000c\000t\000o\000r\000\040\000\046\000\040\000D\000e\000s\000t\000r\000u\000c\000t\000o\000r\000\040\000D\000o\000c\000u\000m\000e\000n\000t\000a\000t\000i\000o\000n}{section.5.8}% 65
\BOOKMARK [3][-]{subsubsection.5.8.2.1}{\376\377\0005\000.\0008\000.\0002\000.\0001\000\040\000i\000n\000i\000t\000\050\000s\000e\000l\000f\000\051}{subsection.5.8.2}% 66
\BOOKMARK [2][-]{subsection.5.8.3}{\376\377\0005\000.\0008\000.\0003\000\040\000M\000e\000m\000b\000e\000r\000\040\000F\000u\000n\000c\000t\000i\000o\000n\000\040\000D\000o\000c\000u\000m\000e\000n\000t\000a\000t\000i\000o\000n}{section.5.8}% 67
\BOOKMARK [3][-]{subsubsection.5.8.3.1}{\376\377\0005\000.\0008\000.\0003\000.\0001\000\040\000r\000e\000p\000o\000r\000t\000\050\000s\000e\000l\000f\000,\000\040\000p\000d\000f\000\051}{subsection.5.8.3}% 68
\BOOKMARK [3][-]{subsubsection.5.8.3.2}{\376\377\0005\000.\0008\000.\0003\000.\0002\000\040\000r\000u\000n\000T\000e\000s\000t\000\050\000s\000e\000l\000f\000\051}{subsection.5.8.3}% 69
\BOOKMARK [3][-]{subsubsection.5.8.3.3}{\376\377\0005\000.\0008\000.\0003\000.\0003\000\040\000s\000u\000m\000m\000a\000r\000i\000z\000e\000\050\000s\000e\000l\000f\000,\000\040\000s\000u\000m\000m\000a\000r\000y\000\051}{subsection.5.8.3}% 70
\BOOKMARK [1][-]{section.5.9}{\376\377\0005\000.\0009\000\040\000W\000R\000E\000B\000T\000e\000s\000t\000.\000J\000y\000t\000h\000o\000n\000I\000n\000t\000e\000r\000f\000a\000c\000e\000\040\000C\000l\000a\000s\000s\000\040\000R\000e\000f\000e\000r\000e\000n\000c\000e}{chapter.5}% 71
\BOOKMARK [2][-]{subsection.5.9.1}{\376\377\0005\000.\0009\000.\0001\000\040\000D\000e\000t\000a\000i\000l\000e\000d\000\040\000D\000e\000s\000c\000r\000i\000p\000t\000i\000o\000n}{section.5.9}% 72
\BOOKMARK [2][-]{subsection.5.9.2}{\376\377\0005\000.\0009\000.\0002\000\040\000M\000e\000m\000b\000e\000r\000\040\000F\000u\000n\000c\000t\000i\000o\000n\000\040\000D\000o\000c\000u\000m\000e\000n\000t\000a\000t\000i\000o\000n}{section.5.9}% 73
\BOOKMARK [3][-]{subsubsection.5.9.2.1}{\376\377\0005\000.\0009\000.\0002\000.\0001\000\040\000d\000o\000\050\000s\000e\000l\000f\000,\000\040\000c\000o\000d\000e\000\051}{subsection.5.9.2}% 74
\BOOKMARK [3][-]{subsubsection.5.9.2.2}{\376\377\0005\000.\0009\000.\0002\000.\0002\000\040\000g\000e\000t\000\050\000s\000e\000l\000f\000,\000\040\000c\000o\000d\000e\000,\000\040\000d\000t\000y\000p\000e\000=\000"\000f\000l\000o\000a\000t\000"\000\051}{subsection.5.9.2}% 75
\BOOKMARK [1][-]{section.5.10}{\376\377\0005\000.\0001\0000\000\040\000W\000R\000E\000B\000T\000e\000s\000t\000.\000O\000D\000B\000i\000a\000s\000\040\000C\000l\000a\000s\000s\000\040\000R\000e\000f\000e\000r\000e\000n\000c\000e}{chapter.5}% 76
\BOOKMARK [2][-]{subsection.5.10.1}{\376\377\0005\000.\0001\0000\000.\0001\000\040\000D\000e\000t\000a\000i\000l\000e\000d\000\040\000D\000e\000s\000c\000r\000i\000p\000t\000i\000o\000n}{section.5.10}% 77
\BOOKMARK [2][-]{subsection.5.10.2}{\376\377\0005\000.\0001\0000\000.\0002\000\040\000C\000o\000n\000s\000t\000r\000u\000c\000t\000o\000r\000\040\000\046\000\040\000D\000e\000s\000t\000r\000u\000c\000t\000o\000r\000\040\000D\000o\000c\000u\000m\000e\000n\000t\000a\000t\000i\000o\000n}{section.5.10}% 78
\BOOKMARK [3][-]{subsubsection.5.10.2.1}{\376\377\0005\000.\0001\0000\000.\0002\000.\0001\000\040\000i\000n\000i\000t\000\050\000s\000e\000l\000f\000\051}{subsection.5.10.2}% 79
\BOOKMARK [2][-]{subsection.5.10.3}{\376\377\0005\000.\0001\0000\000.\0003\000\040\000M\000e\000m\000b\000e\000r\000\040\000F\000u\000n\000c\000t\000i\000o\000n\000\040\000D\000o\000c\000u\000m\000e\000n\000t\000a\000t\000i\000o\000n}{section.5.10}% 80
\BOOKMARK [3][-]{subsubsection.5.10.3.1}{\376\377\0005\000.\0001\0000\000.\0003\000.\0001\000\040\000r\000e\000p\000o\000r\000t\000\050\000s\000e\000l\000f\000,\000\040\000p\000d\000f\000\051}{subsection.5.10.3}% 81
\BOOKMARK [3][-]{subsubsection.5.10.3.2}{\376\377\0005\000.\0001\0000\000.\0003\000.\0002\000\040\000r\000u\000n\000T\000e\000s\000t\000\050\000s\000e\000l\000f\000\051}{subsection.5.10.3}% 82
\BOOKMARK [3][-]{subsubsection.5.10.3.3}{\376\377\0005\000.\0001\0000\000.\0003\000.\0003\000\040\000s\000u\000m\000m\000a\000r\000i\000z\000e\000\050\000s\000e\000l\000f\000,\000\040\000s\000u\000m\000m\000a\000r\000y\000\051}{subsection.5.10.3}% 83
\BOOKMARK [1][-]{section.5.11}{\376\377\0005\000.\0001\0001\000\040\000W\000R\000E\000B\000T\000e\000s\000t\000.\000O\000G\000B\000i\000a\000s\000\040\000C\000l\000a\000s\000s\000\040\000R\000e\000f\000e\000r\000e\000n\000c\000e}{chapter.5}% 84
\BOOKMARK [2][-]{subsection.5.11.1}{\376\377\0005\000.\0001\0001\000.\0001\000\040\000D\000e\000t\000a\000i\000l\000e\000d\000\040\000D\000e\000s\000c\000r\000i\000p\000t\000i\000o\000n}{section.5.11}% 85
\BOOKMARK [2][-]{subsection.5.11.2}{\376\377\0005\000.\0001\0001\000.\0002\000\040\000C\000o\000n\000s\000t\000r\000u\000c\000t\000o\000r\000\040\000\046\000\040\000D\000e\000s\000t\000r\000u\000c\000t\000o\000r\000\040\000D\000o\000c\000u\000m\000e\000n\000t\000a\000t\000i\000o\000n}{section.5.11}% 86
\BOOKMARK [3][-]{subsubsection.5.11.2.1}{\376\377\0005\000.\0001\0001\000.\0002\000.\0001\000\040\000i\000n\000i\000t\000\050\000s\000e\000l\000f\000\051}{subsection.5.11.2}% 87
\BOOKMARK [2][-]{subsection.5.11.3}{\376\377\0005\000.\0001\0001\000.\0003\000\040\000M\000e\000m\000b\000e\000r\000\040\000F\000u\000n\000c\000t\000i\000o\000n\000\040\000D\000o\000c\000u\000m\000e\000n\000t\000a\000t\000i\000o\000n}{section.5.11}% 88
\BOOKMARK [3][-]{subsubsection.5.11.3.1}{\376\377\0005\000.\0001\0001\000.\0003\000.\0001\000\040\000r\000e\000p\000o\000r\000t\000\050\000s\000e\000l\000f\000,\000\040\000p\000d\000f\000\051}{subsection.5.11.3}% 89
\BOOKMARK [3][-]{subsubsection.5.11.3.2}{\376\377\0005\000.\0001\0001\000.\0003\000.\0002\000\040\000r\000u\000n\000T\000e\000s\000t\000\050\000s\000e\000l\000f\000\051}{subsection.5.11.3}% 90
\BOOKMARK [3][-]{subsubsection.5.11.3.3}{\376\377\0005\000.\0001\0001\000.\0003\000.\0003\000\040\000s\000u\000m\000m\000a\000r\000i\000z\000e\000\050\000s\000e\000l\000f\000,\000\040\000s\000u\000m\000m\000a\000r\000y\000\051}{subsection.5.11.3}% 91
\BOOKMARK [1][-]{section.5.12}{\376\377\0005\000.\0001\0002\000\040\000W\000R\000E\000B\000T\000e\000s\000t\000.\000P\000C\000K\000R\000a\000i\000l\000s\000\040\000C\000l\000a\000s\000s\000\040\000R\000e\000f\000e\000r\000e\000n\000c\000e}{chapter.5}% 92
\BOOKMARK [2][-]{subsection.5.12.1}{\376\377\0005\000.\0001\0002\000.\0001\000\040\000D\000e\000t\000a\000i\000l\000e\000d\000\040\000D\000e\000s\000c\000r\000i\000p\000t\000i\000o\000n}{section.5.12}% 93
\BOOKMARK [2][-]{subsection.5.12.2}{\376\377\0005\000.\0001\0002\000.\0002\000\040\000C\000o\000n\000s\000t\000r\000u\000c\000t\000o\000r\000\040\000\046\000\040\000D\000e\000s\000t\000r\000u\000c\000t\000o\000r\000\040\000D\000o\000c\000u\000m\000e\000n\000t\000a\000t\000i\000o\000n}{section.5.12}% 94
\BOOKMARK [3][-]{subsubsection.5.12.2.1}{\376\377\0005\000.\0001\0002\000.\0002\000.\0001\000\040\000i\000n\000i\000t\000\050\000s\000e\000l\000f\000\051}{subsection.5.12.2}% 95
\BOOKMARK [2][-]{subsection.5.12.3}{\376\377\0005\000.\0001\0002\000.\0003\000\040\000M\000e\000m\000b\000e\000r\000\040\000F\000u\000n\000c\000t\000i\000o\000n\000\040\000D\000o\000c\000u\000m\000e\000n\000t\000a\000t\000i\000o\000n}{section.5.12}% 96
\BOOKMARK [3][-]{subsubsection.5.12.3.1}{\376\377\0005\000.\0001\0002\000.\0003\000.\0001\000\040\000r\000e\000p\000o\000r\000t\000\050\000s\000e\000l\000f\000,\000\040\000p\000d\000f\000\051}{subsection.5.12.3}% 97
\BOOKMARK [3][-]{subsubsection.5.12.3.2}{\376\377\0005\000.\0001\0002\000.\0003\000.\0002\000\040\000r\000u\000n\000T\000e\000s\000t\000\050\000s\000e\000l\000f\000\051}{subsection.5.12.3}% 98
\BOOKMARK [3][-]{subsubsection.5.12.3.3}{\376\377\0005\000.\0001\0002\000.\0003\000.\0003\000\040\000s\000u\000m\000m\000a\000r\000i\000z\000e\000\050\000s\000e\000l\000f\000,\000\040\000s\000u\000m\000m\000a\000r\000y\000\051}{subsection.5.12.3}% 99
\BOOKMARK [1][-]{section.5.13}{\376\377\0005\000.\0001\0003\000\040\000W\000R\000E\000B\000T\000e\000s\000t\000P\000D\000F\000G\000e\000n\000.\000P\000D\000F\000\040\000C\000l\000a\000s\000s\000\040\000R\000e\000f\000e\000r\000e\000n\000c\000e}{chapter.5}% 100
\BOOKMARK [2][-]{subsection.5.13.1}{\376\377\0005\000.\0001\0003\000.\0001\000\040\000D\000e\000t\000a\000i\000l\000e\000d\000\040\000D\000e\000s\000c\000r\000i\000p\000t\000i\000o\000n}{section.5.13}% 101
\BOOKMARK [2][-]{subsection.5.13.2}{\376\377\0005\000.\0001\0003\000.\0002\000\040\000M\000e\000m\000b\000e\000r\000\040\000F\000u\000n\000c\000t\000i\000o\000n\000\040\000D\000o\000c\000u\000m\000e\000n\000t\000a\000t\000i\000o\000n}{section.5.13}% 102
\BOOKMARK [3][-]{subsubsection.5.13.2.1}{\376\377\0005\000.\0001\0003\000.\0002\000.\0001\000\040\000a\000d\000d\000P\000l\000o\000t\000P\000a\000g\000e\000\050\000s\000e\000l\000f\000,\000\040\000t\000i\000t\000l\000e\000,\000\040\000i\000m\000g\000N\000a\000m\000e\000,\000\040\000i\000m\000g\000S\000i\000z\000e\000=\0001\000.\0000\000\051}{subsection.5.13.2}% 103
\BOOKMARK [3][-]{subsubsection.5.13.2.2}{\376\377\0005\000.\0001\0003\000.\0002\000.\0002\000\040\000c\000o\000l\000u\000m\000n\000T\000a\000b\000l\000e\000\050\000s\000e\000l\000f\000,\000\040\000c\000o\000l\000D\000a\000t\000a\000,\000\040\000c\000o\000l\000H\000e\000a\000d\000e\000r\000s\000=\000N\000o\000n\000e\000,\000\040\000f\000o\000n\000t\000S\000i\000z\000e\000=\0008\000,\000\040\000w\000i\000d\000t\000h\000=\0001\000.\0000\000,\000\040\000w\000i\000d\000t\000h\000A\000r\000r\000a\000y\000=\000N\000o\000n\000e\000,\000\040\000a\000l\000i\000g\000n\000=\000"\000L\000"\000\051}{subsection.5.13.2}% 104
\BOOKMARK [3][-]{subsubsection.5.13.2.3}{\376\377\0005\000.\0001\0003\000.\0002\000.\0003\000\040\000f\000o\000o\000t\000e\000r\000\050\000s\000e\000l\000f\000\051}{subsection.5.13.2}% 105
\BOOKMARK [3][-]{subsubsection.5.13.2.4}{\376\377\0005\000.\0001\0003\000.\0002\000.\0004\000\040\000h\000e\000a\000d\000e\000r\000\050\000s\000e\000l\000f\000\051}{subsection.5.13.2}% 106
\BOOKMARK [3][-]{subsubsection.5.13.2.5}{\376\377\0005\000.\0001\0003\000.\0002\000.\0005\000\040\000i\000d\000l\000e\000C\000u\000r\000r\000e\000n\000t\000\050\000s\000e\000l\000f\000,\000\040\000t\000i\000t\000l\000e\000,\000\040\000v\000o\000l\000t\000a\000g\000e\000s\000,\000\040\000c\000u\000r\000r\000e\000n\000t\000s\000\051}{subsection.5.13.2}% 107
\BOOKMARK [3][-]{subsubsection.5.13.2.6}{\376\377\0005\000.\0001\0003\000.\0002\000.\0006\000\040\000m\000a\000k\000e\000P\000l\000o\000t\000P\000a\000g\000e\000\050\000s\000e\000l\000f\000,\000\040\000t\000i\000t\000l\000e\000,\000\040\000i\000m\000g\000N\000a\000m\000e\000,\000\040\000d\000a\000t\000a\000s\000,\000\040\000i\000m\000g\000S\000i\000z\000e\000=\0001\000.\0000\000,\000\040\000x\000d\000a\000t\000=\000N\000o\000n\000e\000\051}{subsection.5.13.2}% 108
\BOOKMARK [3][-]{subsubsection.5.13.2.7}{\376\377\0005\000.\0001\0003\000.\0002\000.\0007\000\040\000m\000a\000k\000e\000R\000e\000s\000i\000d\000u\000a\000l\000P\000l\000o\000t\000P\000a\000g\000e\000\050\000s\000e\000l\000f\000,\000\040\000t\000i\000t\000l\000e\000,\000\040\000i\000m\000g\000N\000a\000m\000e\000,\000\040\000d\000a\000t\000a\000s\000,\000\040\000r\000e\000s\000i\000d\000u\000a\000l\000s\000,\000\040\000R\000O\000I\000=\000N\000o\000n\000e\000,\000\040\000i\000m\000g\000S\000i\000z\000e\000=\0001\000.\0000\000,\000\040\000x\000d\000a\000t\000=\000N\000o\000n\000e\000,\000\040\000p\000l\000t\000R\000a\000n\000g\000e\000=\000N\000o\000n\000e\000\051}{subsection.5.13.2}% 109
\BOOKMARK [3][-]{subsubsection.5.13.2.8}{\376\377\0005\000.\0001\0003\000.\0002\000.\0008\000\040\000p\000a\000s\000s\000F\000a\000i\000l\000\050\000s\000e\000l\000f\000,\000\040\000p\000a\000s\000s\000e\000d\000\051}{subsection.5.13.2}% 110
\BOOKMARK [3][-]{subsubsection.5.13.2.9}{\376\377\0005\000.\0001\0003\000.\0002\000.\0009\000\040\000r\000e\000s\000i\000d\000u\000a\000l\000T\000e\000s\000t\000\050\000s\000e\000l\000f\000,\000\040\000t\000i\000t\000l\000e\000,\000\040\000d\000a\000t\000a\000s\000,\000\040\000r\000e\000s\000i\000d\000u\000a\000l\000s\000,\000\040\000p\000a\000s\000s\000e\000d\000,\000\040\000s\000t\000a\000t\000s\000,\000\040\000R\000O\000I\000=\000N\000o\000n\000e\000,\000\040\000i\000m\000g\000S\000i\000z\000e\000=\0000\000.\0007\000,\000\040\000x\000d\000a\000t\000=\000N\000o\000n\000e\000,\000\040\000p\000l\000t\000R\000a\000n\000g\000e\000=\000N\000o\000n\000e\000\051}{subsection.5.13.2}% 111
\BOOKMARK [3][-]{subsubsection.5.13.2.10}{\376\377\0005\000.\0001\0003\000.\0002\000.\0001\0000\000\040\000s\000u\000m\000m\000a\000r\000y\000P\000a\000g\000e\000\050\000s\000e\000l\000f\000,\000\040\000b\000o\000a\000r\000d\000I\000D\000,\000\040\000F\000P\000G\000A\000I\000n\000f\000o\000,\000\040\000t\000e\000s\000t\000L\000i\000s\000t\000,\000\040\000p\000a\000s\000s\000L\000i\000s\000t\000,\000\040\000s\000t\000a\000t\000s\000L\000i\000s\000t\000\051}{subsection.5.13.2}% 112
\BOOKMARK [3][-]{subsubsection.5.13.2.11}{\376\377\0005\000.\0001\0003\000.\0002\000.\0001\0001\000\040\000t\000e\000s\000t\000T\000i\000t\000l\000e\000\050\000s\000e\000l\000f\000,\000\040\000t\000i\000t\000l\000e\000\051}{subsection.5.13.2}% 113
\BOOKMARK [1][-]{section.5.14}{\376\377\0005\000.\0001\0004\000\040\000W\000R\000E\000B\000T\000e\000s\000t\000.\000R\000D\000B\000i\000a\000s\000\040\000C\000l\000a\000s\000s\000\040\000R\000e\000f\000e\000r\000e\000n\000c\000e}{chapter.5}% 114
\BOOKMARK [2][-]{subsection.5.14.1}{\376\377\0005\000.\0001\0004\000.\0001\000\040\000D\000e\000t\000a\000i\000l\000e\000d\000\040\000D\000e\000s\000c\000r\000i\000p\000t\000i\000o\000n}{section.5.14}% 115
\BOOKMARK [2][-]{subsection.5.14.2}{\376\377\0005\000.\0001\0004\000.\0002\000\040\000C\000o\000n\000s\000t\000r\000u\000c\000t\000o\000r\000\040\000\046\000\040\000D\000e\000s\000t\000r\000u\000c\000t\000o\000r\000\040\000D\000o\000c\000u\000m\000e\000n\000t\000a\000t\000i\000o\000n}{section.5.14}% 116
\BOOKMARK [3][-]{subsubsection.5.14.2.1}{\376\377\0005\000.\0001\0004\000.\0002\000.\0001\000\040\000i\000n\000i\000t\000\050\000s\000e\000l\000f\000\051}{subsection.5.14.2}% 117
\BOOKMARK [2][-]{subsection.5.14.3}{\376\377\0005\000.\0001\0004\000.\0003\000\040\000M\000e\000m\000b\000e\000r\000\040\000F\000u\000n\000c\000t\000i\000o\000n\000\040\000D\000o\000c\000u\000m\000e\000n\000t\000a\000t\000i\000o\000n}{section.5.14}% 118
\BOOKMARK [3][-]{subsubsection.5.14.3.1}{\376\377\0005\000.\0001\0004\000.\0003\000.\0001\000\040\000r\000e\000p\000o\000r\000t\000\050\000s\000e\000l\000f\000,\000\040\000p\000d\000f\000\051}{subsection.5.14.3}% 119
\BOOKMARK [3][-]{subsubsection.5.14.3.2}{\376\377\0005\000.\0001\0004\000.\0003\000.\0002\000\040\000r\000u\000n\000T\000e\000s\000t\000\050\000s\000e\000l\000f\000\051}{subsection.5.14.3}% 120
\BOOKMARK [3][-]{subsubsection.5.14.3.3}{\376\377\0005\000.\0001\0004\000.\0003\000.\0003\000\040\000s\000u\000m\000m\000a\000r\000i\000z\000e\000\050\000s\000e\000l\000f\000,\000\040\000s\000u\000m\000m\000a\000r\000y\000\051}{subsection.5.14.3}% 121
\BOOKMARK [1][-]{section.5.15}{\376\377\0005\000.\0001\0005\000\040\000W\000R\000E\000B\000T\000e\000s\000t\000.\000R\000G\000R\000a\000i\000l\000s\000\040\000C\000l\000a\000s\000s\000\040\000R\000e\000f\000e\000r\000e\000n\000c\000e}{chapter.5}% 122
\BOOKMARK [2][-]{subsection.5.15.1}{\376\377\0005\000.\0001\0005\000.\0001\000\040\000D\000e\000t\000a\000i\000l\000e\000d\000\040\000D\000e\000s\000c\000r\000i\000p\000t\000i\000o\000n}{section.5.15}% 123
\BOOKMARK [2][-]{subsection.5.15.2}{\376\377\0005\000.\0001\0005\000.\0002\000\040\000C\000o\000n\000s\000t\000r\000u\000c\000t\000o\000r\000\040\000\046\000\040\000D\000e\000s\000t\000r\000u\000c\000t\000o\000r\000\040\000D\000o\000c\000u\000m\000e\000n\000t\000a\000t\000i\000o\000n}{section.5.15}% 124
\BOOKMARK [3][-]{subsubsection.5.15.2.1}{\376\377\0005\000.\0001\0005\000.\0002\000.\0001\000\040\000i\000n\000i\000t\000\050\000s\000e\000l\000f\000\051}{subsection.5.15.2}% 125
\BOOKMARK [2][-]{subsection.5.15.3}{\376\377\0005\000.\0001\0005\000.\0003\000\040\000M\000e\000m\000b\000e\000r\000\040\000F\000u\000n\000c\000t\000i\000o\000n\000\040\000D\000o\000c\000u\000m\000e\000n\000t\000a\000t\000i\000o\000n}{section.5.15}% 126
\BOOKMARK [3][-]{subsubsection.5.15.3.1}{\376\377\0005\000.\0001\0005\000.\0003\000.\0001\000\040\000r\000e\000p\000o\000r\000t\000\050\000s\000e\000l\000f\000,\000\040\000p\000d\000f\000\051}{subsection.5.15.3}% 127
\BOOKMARK [3][-]{subsubsection.5.15.3.2}{\376\377\0005\000.\0001\0005\000.\0003\000.\0002\000\040\000r\000u\000n\000T\000e\000s\000t\000\050\000s\000e\000l\000f\000\051}{subsection.5.15.3}% 128
\BOOKMARK [3][-]{subsubsection.5.15.3.3}{\376\377\0005\000.\0001\0005\000.\0003\000.\0003\000\040\000s\000u\000m\000m\000a\000r\000i\000z\000e\000\050\000s\000e\000l\000f\000,\000\040\000s\000u\000m\000m\000a\000r\000y\000\051}{subsection.5.15.3}% 129
\BOOKMARK [1][-]{section.5.16}{\376\377\0005\000.\0001\0006\000\040\000W\000R\000E\000B\000T\000e\000s\000t\000.\000R\000G\000R\000a\000i\000l\000s\000D\000i\000v\000e\000r\000g\000i\000n\000g\000\040\000C\000l\000a\000s\000s\000\040\000R\000e\000f\000e\000r\000e\000n\000c\000e}{chapter.5}% 130
\BOOKMARK [2][-]{subsection.5.16.1}{\376\377\0005\000.\0001\0006\000.\0001\000\040\000D\000e\000t\000a\000i\000l\000e\000d\000\040\000D\000e\000s\000c\000r\000i\000p\000t\000i\000o\000n}{section.5.16}% 131
\BOOKMARK [2][-]{subsection.5.16.2}{\376\377\0005\000.\0001\0006\000.\0002\000\040\000C\000o\000n\000s\000t\000r\000u\000c\000t\000o\000r\000\040\000\046\000\040\000D\000e\000s\000t\000r\000u\000c\000t\000o\000r\000\040\000D\000o\000c\000u\000m\000e\000n\000t\000a\000t\000i\000o\000n}{section.5.16}% 132
\BOOKMARK [3][-]{subsubsection.5.16.2.1}{\376\377\0005\000.\0001\0006\000.\0002\000.\0001\000\040\000i\000n\000i\000t\000\050\000s\000e\000l\000f\000,\000\040\000a\000m\000p\000l\000i\000t\000u\000d\000e\000,\000\040\000s\000t\000a\000r\000t\000V\000\051}{subsection.5.16.2}% 133
\BOOKMARK [2][-]{subsection.5.16.3}{\376\377\0005\000.\0001\0006\000.\0003\000\040\000M\000e\000m\000b\000e\000r\000\040\000F\000u\000n\000c\000t\000i\000o\000n\000\040\000D\000o\000c\000u\000m\000e\000n\000t\000a\000t\000i\000o\000n}{section.5.16}% 134
\BOOKMARK [3][-]{subsubsection.5.16.3.1}{\376\377\0005\000.\0001\0006\000.\0003\000.\0001\000\040\000r\000e\000p\000o\000r\000t\000\050\000s\000e\000l\000f\000,\000\040\000p\000d\000f\000\051}{subsection.5.16.3}% 135
\BOOKMARK [3][-]{subsubsection.5.16.3.2}{\376\377\0005\000.\0001\0006\000.\0003\000.\0002\000\040\000r\000u\000n\000T\000e\000s\000t\000\050\000s\000e\000l\000f\000\051}{subsection.5.16.3}% 136
\BOOKMARK [3][-]{subsubsection.5.16.3.3}{\376\377\0005\000.\0001\0006\000.\0003\000.\0003\000\040\000s\000u\000m\000m\000a\000r\000i\000z\000e\000\050\000s\000e\000l\000f\000,\000\040\000s\000u\000m\000m\000a\000r\000y\000\051}{subsection.5.16.3}% 137
\BOOKMARK [1][-]{section.5.17}{\376\377\0005\000.\0001\0007\000\040\000W\000R\000E\000B\000T\000e\000s\000t\000.\000S\000C\000K\000R\000a\000i\000l\000s\000\040\000C\000l\000a\000s\000s\000\040\000R\000e\000f\000e\000r\000e\000n\000c\000e}{chapter.5}% 138
\BOOKMARK [2][-]{subsection.5.17.1}{\376\377\0005\000.\0001\0007\000.\0001\000\040\000D\000e\000t\000a\000i\000l\000e\000d\000\040\000D\000e\000s\000c\000r\000i\000p\000t\000i\000o\000n}{section.5.17}% 139
\BOOKMARK [2][-]{subsection.5.17.2}{\376\377\0005\000.\0001\0007\000.\0002\000\040\000C\000o\000n\000s\000t\000r\000u\000c\000t\000o\000r\000\040\000\046\000\040\000D\000e\000s\000t\000r\000u\000c\000t\000o\000r\000\040\000D\000o\000c\000u\000m\000e\000n\000t\000a\000t\000i\000o\000n}{section.5.17}% 140
\BOOKMARK [3][-]{subsubsection.5.17.2.1}{\376\377\0005\000.\0001\0007\000.\0002\000.\0001\000\040\000i\000n\000i\000t\000\050\000s\000e\000l\000f\000\051}{subsection.5.17.2}% 141
\BOOKMARK [2][-]{subsection.5.17.3}{\376\377\0005\000.\0001\0007\000.\0003\000\040\000M\000e\000m\000b\000e\000r\000\040\000F\000u\000n\000c\000t\000i\000o\000n\000\040\000D\000o\000c\000u\000m\000e\000n\000t\000a\000t\000i\000o\000n}{section.5.17}% 142
\BOOKMARK [3][-]{subsubsection.5.17.3.1}{\376\377\0005\000.\0001\0007\000.\0003\000.\0001\000\040\000r\000e\000p\000o\000r\000t\000\050\000s\000e\000l\000f\000,\000\040\000p\000d\000f\000\051}{subsection.5.17.3}% 143
\BOOKMARK [3][-]{subsubsection.5.17.3.2}{\376\377\0005\000.\0001\0007\000.\0003\000.\0002\000\040\000r\000u\000n\000T\000e\000s\000t\000\050\000s\000e\000l\000f\000\051}{subsection.5.17.3}% 144
\BOOKMARK [3][-]{subsubsection.5.17.3.3}{\376\377\0005\000.\0001\0007\000.\0003\000.\0003\000\040\000s\000u\000m\000m\000a\000r\000i\000z\000e\000\050\000s\000e\000l\000f\000,\000\040\000s\000u\000m\000m\000a\000r\000y\000\051}{subsection.5.17.3}% 145
\BOOKMARK [1][-]{section.5.18}{\376\377\0005\000.\0001\0008\000\040\000W\000R\000E\000B\000T\000e\000s\000t\000.\000S\000C\000K\000R\000a\000i\000l\000s\000D\000i\000v\000e\000r\000g\000i\000n\000g\000\040\000C\000l\000a\000s\000s\000\040\000R\000e\000f\000e\000r\000e\000n\000c\000e}{chapter.5}% 146
\BOOKMARK [2][-]{subsection.5.18.1}{\376\377\0005\000.\0001\0008\000.\0001\000\040\000D\000e\000t\000a\000i\000l\000e\000d\000\040\000D\000e\000s\000c\000r\000i\000p\000t\000i\000o\000n}{section.5.18}% 147
\BOOKMARK [2][-]{subsection.5.18.2}{\376\377\0005\000.\0001\0008\000.\0002\000\040\000C\000o\000n\000s\000t\000r\000u\000c\000t\000o\000r\000\040\000\046\000\040\000D\000e\000s\000t\000r\000u\000c\000t\000o\000r\000\040\000D\000o\000c\000u\000m\000e\000n\000t\000a\000t\000i\000o\000n}{section.5.18}% 148
\BOOKMARK [3][-]{subsubsection.5.18.2.1}{\376\377\0005\000.\0001\0008\000.\0002\000.\0001\000\040\000i\000n\000i\000t\000\050\000s\000e\000l\000f\000,\000\040\000a\000m\000p\000l\000i\000t\000u\000d\000e\000,\000\040\000s\000t\000a\000r\000t\000V\000\051}{subsection.5.18.2}% 149
\BOOKMARK [2][-]{subsection.5.18.3}{\376\377\0005\000.\0001\0008\000.\0003\000\040\000M\000e\000m\000b\000e\000r\000\040\000F\000u\000n\000c\000t\000i\000o\000n\000\040\000D\000o\000c\000u\000m\000e\000n\000t\000a\000t\000i\000o\000n}{section.5.18}% 150
\BOOKMARK [3][-]{subsubsection.5.18.3.1}{\376\377\0005\000.\0001\0008\000.\0003\000.\0001\000\040\000r\000e\000p\000o\000r\000t\000\050\000s\000e\000l\000f\000,\000\040\000p\000d\000f\000\051}{subsection.5.18.3}% 151
\BOOKMARK [3][-]{subsubsection.5.18.3.2}{\376\377\0005\000.\0001\0008\000.\0003\000.\0002\000\040\000r\000u\000n\000T\000e\000s\000t\000\050\000s\000e\000l\000f\000\051}{subsection.5.18.3}% 152
\BOOKMARK [3][-]{subsubsection.5.18.3.3}{\376\377\0005\000.\0001\0008\000.\0003\000.\0003\000\040\000s\000u\000m\000m\000a\000r\000i\000z\000e\000\050\000s\000e\000l\000f\000,\000\040\000s\000u\000m\000m\000a\000r\000y\000\051}{subsection.5.18.3}% 153
\BOOKMARK [1][-]{section.5.19}{\376\377\0005\000.\0001\0009\000\040\000W\000R\000E\000B\000T\000e\000s\000t\000.\000S\000u\000m\000m\000a\000r\000y\000\040\000C\000l\000a\000s\000s\000\040\000R\000e\000f\000e\000r\000e\000n\000c\000e}{chapter.5}% 154
\BOOKMARK [2][-]{subsection.5.19.1}{\376\377\0005\000.\0001\0009\000.\0001\000\040\000D\000e\000t\000a\000i\000l\000e\000d\000\040\000D\000e\000s\000c\000r\000i\000p\000t\000i\000o\000n}{section.5.19}% 155
\BOOKMARK [2][-]{subsection.5.19.2}{\376\377\0005\000.\0001\0009\000.\0002\000\040\000C\000o\000n\000s\000t\000r\000u\000c\000t\000o\000r\000\040\000\046\000\040\000D\000e\000s\000t\000r\000u\000c\000t\000o\000r\000\040\000D\000o\000c\000u\000m\000e\000n\000t\000a\000t\000i\000o\000n}{section.5.19}% 156
\BOOKMARK [3][-]{subsubsection.5.19.2.1}{\376\377\0005\000.\0001\0009\000.\0002\000.\0001\000\040\000i\000n\000i\000t\000\050\000s\000e\000l\000f\000\051}{subsection.5.19.2}% 157
\BOOKMARK [1][-]{section.5.20}{\376\377\0005\000.\0002\0000\000\040\000W\000R\000E\000B\000T\000e\000s\000t\000.\000T\000e\000m\000p\000e\000r\000a\000t\000u\000r\000e\000L\000o\000g\000g\000i\000n\000g\000\040\000C\000l\000a\000s\000s\000\040\000R\000e\000f\000e\000r\000e\000n\000c\000e}{chapter.5}% 158
\BOOKMARK [2][-]{subsection.5.20.1}{\376\377\0005\000.\0002\0000\000.\0001\000\040\000D\000e\000t\000a\000i\000l\000e\000d\000\040\000D\000e\000s\000c\000r\000i\000p\000t\000i\000o\000n}{section.5.20}% 159
\BOOKMARK [2][-]{subsection.5.20.2}{\376\377\0005\000.\0002\0000\000.\0002\000\040\000C\000o\000n\000s\000t\000r\000u\000c\000t\000o\000r\000\040\000\046\000\040\000D\000e\000s\000t\000r\000u\000c\000t\000o\000r\000\040\000D\000o\000c\000u\000m\000e\000n\000t\000a\000t\000i\000o\000n}{section.5.20}% 160
\BOOKMARK [3][-]{subsubsection.5.20.2.1}{\376\377\0005\000.\0002\0000\000.\0002\000.\0001\000\040\000i\000n\000i\000t\000\050\000s\000e\000l\000f\000,\000\040\000s\000t\000a\000r\000t\000T\000i\000m\000e\000\051}{subsection.5.20.2}% 161
\BOOKMARK [2][-]{subsection.5.20.3}{\376\377\0005\000.\0002\0000\000.\0003\000\040\000M\000e\000m\000b\000e\000r\000\040\000F\000u\000n\000c\000t\000i\000o\000n\000\040\000D\000o\000c\000u\000m\000e\000n\000t\000a\000t\000i\000o\000n}{section.5.20}% 162
\BOOKMARK [3][-]{subsubsection.5.20.3.1}{\376\377\0005\000.\0002\0000\000.\0003\000.\0001\000\040\000r\000e\000p\000o\000r\000t\000\050\000s\000e\000l\000f\000,\000\040\000p\000d\000f\000\051}{subsection.5.20.3}% 163
\BOOKMARK [3][-]{subsubsection.5.20.3.2}{\376\377\0005\000.\0002\0000\000.\0003\000.\0002\000\040\000r\000u\000n\000T\000e\000s\000t\000\050\000s\000e\000l\000f\000\051}{subsection.5.20.3}% 164
\BOOKMARK [3][-]{subsubsection.5.20.3.3}{\376\377\0005\000.\0002\0000\000.\0003\000.\0003\000\040\000s\000u\000m\000m\000a\000r\000i\000z\000e\000\050\000s\000e\000l\000f\000,\000\040\000s\000u\000m\000m\000a\000r\000y\000\051}{subsection.5.20.3}% 165
\BOOKMARK [0][-]{chapter.6}{\376\377\0006\000\040\000F\000i\000l\000e\000\040\000D\000o\000c\000u\000m\000e\000n\000t\000a\000t\000i\000o\000n}{}% 166
\BOOKMARK [1][-]{section.6.1}{\376\377\0006\000.\0001\000\040\000W\000R\000E\000B\000T\000e\000s\000t\000.\000p\000y\000\040\000F\000i\000l\000e\000\040\000R\000e\000f\000e\000r\000e\000n\000c\000e}{chapter.6}% 167
\BOOKMARK [2][-]{subsection.6.1.1}{\376\377\0006\000.\0001\000.\0001\000\040\000D\000e\000t\000a\000i\000l\000e\000d\000\040\000D\000e\000s\000c\000r\000i\000p\000t\000i\000o\000n}{section.6.1}% 168
\BOOKMARK [2][-]{subsection.6.1.2}{\376\377\0006\000.\0001\000.\0002\000\040\000F\000u\000n\000c\000t\000i\000o\000n\000\040\000D\000o\000c\000u\000m\000e\000n\000t\000a\000t\000i\000o\000n}{section.6.1}% 169
\BOOKMARK [3][-]{subsubsection.6.1.2.1}{\376\377\0006\000.\0001\000.\0002\000.\0001\000\040\000c\000o\000n\000v\000e\000r\000t\000\050\000v\000a\000l\000u\000e\000,\000\040\000t\000y\000p\000e\000\051}{subsection.6.1.2}% 170
\BOOKMARK [3][-]{subsubsection.6.1.2.2}{\376\377\0006\000.\0001\000.\0002\000.\0002\000\040\000e\000x\000i\000t\000S\000c\000r\000i\000p\000t\000\050\000\051}{subsection.6.1.2}% 171
\BOOKMARK [3][-]{subsubsection.6.1.2.3}{\376\377\0006\000.\0001\000.\0002\000.\0003\000\040\000p\000r\000i\000n\000t\000v\000\050\000s\000t\000r\000i\000n\000g\000\051}{subsection.6.1.2}% 172
\BOOKMARK [3][-]{subsubsection.6.1.2.4}{\376\377\0006\000.\0001\000.\0002\000.\0004\000\040\000r\000e\000s\000e\000t\000S\000e\000t\000t\000i\000n\000g\000s\000\050\000\051}{subsection.6.1.2}% 173
\BOOKMARK [3][-]{subsubsection.6.1.2.5}{\376\377\0006\000.\0001\000.\0002\000.\0005\000\040\000s\000e\000t\000R\000G\000R\000a\000i\000l\000V\000o\000l\000t\000a\000g\000e\000\050\000l\000o\000w\000V\000,\000\040\000h\000i\000g\000h\000V\000,\000\040\000r\000f\000=\0004\0009\000.\0009\000,\000\040\000r\000i\000=\0002\0000\000.\0000\000\051}{subsection.6.1.2}% 174
\BOOKMARK [3][-]{subsubsection.6.1.2.6}{\376\377\0006\000.\0001\000.\0002\000.\0006\000\040\000s\000e\000t\000S\000C\000K\000R\000a\000i\000l\000V\000o\000l\000t\000a\000g\000e\000\050\000l\000o\000w\000V\000,\000\040\000h\000i\000g\000h\000V\000,\000\040\000r\000f\000=\0004\0009\000.\0009\000,\000\040\000r\000i\000=\0002\0000\000.\0000\000\051}{subsection.6.1.2}% 175
\BOOKMARK [3][-]{subsubsection.6.1.2.7}{\376\377\0006\000.\0001\000.\0002\000.\0007\000\040\000v\000o\000l\000t\000s\000T\000o\000R\000a\000i\000l\000D\000A\000C\000\050\000V\000,\000\040\000r\000f\000,\000\040\000r\000i\000\051}{subsection.6.1.2}% 176
\BOOKMARK [1][-]{section.6.2}{\376\377\0006\000.\0002\000\040\000W\000R\000E\000B\000T\000e\000s\000t\000P\000D\000F\000G\000e\000n\000.\000p\000y\000\040\000F\000i\000l\000e\000\040\000R\000e\000f\000e\000r\000e\000n\000c\000e}{chapter.6}% 177
\BOOKMARK [2][-]{subsection.6.2.1}{\376\377\0006\000.\0002\000.\0001\000\040\000D\000e\000t\000a\000i\000l\000e\000d\000\040\000D\000e\000s\000c\000r\000i\000p\000t\000i\000o\000n}{section.6.2}% 178
\BOOKMARK [2][-]{subsection.6.2.2}{\376\377\0006\000.\0002\000.\0002\000\040\000F\000u\000n\000c\000t\000i\000o\000n\000\040\000D\000o\000c\000u\000m\000e\000n\000t\000a\000t\000i\000o\000n}{section.6.2}% 179
\BOOKMARK [3][-]{subsubsection.6.2.2.1}{\376\377\0006\000.\0002\000.\0002\000.\0001\000\040\000m\000u\000l\000t\000i\000P\000l\000o\000t\000s\000\050\000d\000a\000t\000a\000s\000,\000\040\000s\000a\000v\000e\000A\000s\000,\000\040\000x\000d\000a\000t\000=\000N\000o\000n\000e\000\051}{subsection.6.2.2}% 180
\BOOKMARK [3][-]{subsubsection.6.2.2.2}{\376\377\0006\000.\0002\000.\0002\000.\0002\000\040\000r\000e\000s\000i\000d\000u\000a\000l\000P\000l\000o\000t\000s\000\050\000d\000a\000t\000a\000s\000,\000\040\000r\000e\000s\000i\000d\000u\000a\000l\000s\000,\000\040\000s\000a\000v\000e\000A\000s\000,\000\040\000R\000O\000I\000=\000N\000o\000n\000e\000,\000\040\000x\000d\000a\000t\000=\000N\000o\000n\000e\000,\000\040\000p\000l\000t\000R\000a\000n\000g\000e\000=\000N\000o\000n\000e\000\051}{subsection.6.2.2}% 181
\BOOKMARK [0][-]{section*.48}{\376\377\000I\000n\000d\000e\000x}{}% 182
